<?xml version="1.0" encoding="UTF-8"?>
<!-- Generated by org.testng.reporters.JUnitReportReporter -->
<testsuite hostname="ZSCHN01LP0345" failures="0" tests="6" name="testScripts.ArticleTest" time="10.052" errors="0" timestamp="2024-02-16T11:06:19 IST" skipped="0">
  <testcase classname="testScripts.ArticleTest" name="invalidLoginTest" time="1.584"/>
  <testcase classname="testScripts.ArticleTest" name="loginTest" time="1.485"/>
  <testcase classname="testScripts.ArticleTest" name="duplicateArticleTest" time="1.685"/>
  <testcase classname="testScripts.ArticleTest" name="newArticleTest" time="2.608"/>
  <testcase classname="testScripts.ArticleTest" name="updateArticleTest" time="1.603"/>
  <testcase classname="testScripts.ArticleTest" name="deleteArticleTest" time="1.087"/>
</testsuite> <!-- testScripts.ArticleTest -->
