<?xml version="1.0" encoding="UTF-8"?>
<!-- Generated by org.testng.reporters.JUnitReportReporter -->
<testsuite hostname="ZSCHN01LP0345" failures="0" tests="4" name="testScripts.ArticleTest" time="3.345" errors="0" timestamp="2024-02-13T11:10:08 IST" skipped="0">
  <testcase classname="testScripts.ArticleTest" name="loginTest" time="0.241"/>
  <testcase classname="testScripts.ArticleTest" name="newArticleTest" time="1.389"/>
  <testcase classname="testScripts.ArticleTest" name="updateArticleTest" time="0.906"/>
  <testcase classname="testScripts.ArticleTest" name="deleteArticleTest" time="0.809"/>
</testsuite> <!-- testScripts.ArticleTest -->
