<?xml version="1.0" encoding="UTF-8"?>
<!-- Generated by org.testng.reporters.JUnitReportReporter -->
<testsuite hostname="ZSCHN01LP0345" failures="0" tests="4" name="testScripts.ArticleTest" time="5.902" errors="0" timestamp="2024-02-15T10:19:38 IST" skipped="0">
  <testcase classname="testScripts.ArticleTest" name="loginTest" time="1.377"/>
  <testcase classname="testScripts.ArticleTest" name="newArticleTest" time="2.044"/>
  <testcase classname="testScripts.ArticleTest" name="updateArticleTest" time="1.616"/>
  <testcase classname="testScripts.ArticleTest" name="deleteArticleTest" time="0.865"/>
</testsuite> <!-- testScripts.ArticleTest -->
